{"message":"Unexpected token L in JSON at position 0","level":"error"}
{"message":"{\"doc_id\":1,\"selection\":1}","level":"error"}
{"message":"{\"doc_id\":1,\"name\":\"newsub\",\"substitutes\":\"[{from:\\\"a\\\",to:\\\"b\\\"}]\"}","level":"error"}
{"level":"error"}
{"message":"Unexpected token L in JSON at position 0","level":"error"}
{"message":"{\"doc_id\":1,\"selection\":1}","level":"error"}
{"message":"{\"doc_id\":1,\"name\":\"newsub\",\"substitutes\":\"[{from:\\\"a\\\",to:\\\"b\\\"}]\"}","level":"error"}
{"level":"error"}
{"message":"Unexpected token L in JSON at position 0","level":"error"}
{"message":"{\"doc_id\":1,\"selection\":1}","level":"error"}
{"message":"{\"doc_id\":1,\"name\":\"newsub\",\"substitutes\":\"[{from:\\\"a\\\",to:\\\"b\\\"}]\"}","level":"error"}
{"level":"error"}
{"message":"Unexpected token L in JSON at position 0","level":"error"}
{"message":"{\"doc_id\":1,\"selection\":1}","level":"error"}
{"message":"{\"doc_id\":1,\"name\":\"newsub\",\"substitutes\":\"[{from:\\\"a\\\",to:\\\"b\\\"}]\"}","level":"error"}
{"level":"error"}
{"message":"Unexpected token f in JSON at position 2","level":"error"}
{"message":"{\"doc_id\":1,\"selection\":1}","level":"error"}
{"message":"{\"doc_id\":1,\"name\":\"newsub\",\"substitutes\":\"[{from:\\\"a\\\",to:\\\"b\\\"}]\"}","level":"error"}
{"level":"error"}
{"message":"Unexpected token f in JSON at position 2","level":"error"}
{"message":"{\"doc_id\":1,\"selection\":1}","level":"error"}
{"message":"{\"doc_id\":1,\"name\":\"newsub\",\"substitutes\":\"[{from:\\\"a\\\",to:\\\"b\\\"}]\"}","level":"error"}
{"level":"error"}
{"message":"Unexpected token ' in JSON at position 2","level":"error"}
{"message":"{\"doc_id\":1,\"selection\":1}","level":"error"}
{"message":"{\"doc_id\":1,\"name\":\"newsub\",\"substitutes\":\"[{from:\\\"a\\\",to:\\\"b\\\"}]\"}","level":"error"}
{"level":"error"}
{"message":"Unexpected token ' in JSON at position 2","level":"error"}
{"message":"{\"doc_id\":1,\"selection\":1}","level":"error"}
{"message":"{\"doc_id\":1,\"name\":\"newsub\",\"substitutes\":\"[{from:\\\"a\\\",to:\\\"b\\\"}]\"}","level":"error"}
{"level":"error"}
{"message":"{\"doc_id\":1,\"selection\":1}","level":"error"}
{"message":"{\"doc_id\":1,\"name\":\"newsub\",\"substitutes\":\"[{from:\\\"a\\\",to:\\\"b\\\"}]\"}","level":"error"}
{"level":"error"}
{"message":"{\"doc_id\":1,\"selection\":1}","level":"error"}
{"message":"{\"doc_id\":1,\"name\":\"newsub\",\"substitutes\":\"[{from:\\\"a\\\",to:\\\"b\\\"}]\"}","level":"error"}
{"level":"error"}
{"message":"{\"doc_id\":1,\"selection\":1}","level":"error"}
{"message":"{\"doc_id\":1,\"name\":\"newsub\",\"substitutes\":\"[{from:\\\"a\\\",to:\\\"b\\\"}]\"}","level":"error"}
{"level":"error"}
{"message":"{\"doc_id\":1,\"selection\":1}","level":"error"}
{"message":"{\"doc_id\":1,\"name\":\"newsub\",\"substitutes\":\"[{from:\\\"a\\\",to:\\\"b\\\"}]\"}","level":"error"}
{"level":"error"}
{"message":"{\"doc_id\":1,\"selection\":1}","level":"error"}
{"message":"{\"doc_id\":1,\"name\":\"newsub\",\"substitutes\":\"[{from:\\\"a\\\",to:\\\"b\\\"}]\"}","level":"error"}
{"level":"error"}
{"message":"{\"doc_id\":1,\"selection\":1}","level":"error"}
{"message":"{\"doc_id\":1,\"name\":\"newsub\",\"substitutes\":\"[{from:\\\"a\\\",to:\\\"b\\\"}]\"}","level":"error"}
{"level":"error"}
{"message":"{\"doc_id\":1,\"selection\":1}","level":"error"}
{"message":"{\"doc_id\":1,\"name\":\"newsub\",\"substitutes\":\"[{from:\\\"a\\\",to:\\\"b\\\"}]\"}","level":"error"}
{"level":"error"}
{"message":"{\"doc_id\":1,\"selection\":1}","level":"error"}
{"message":"{\"doc_id\":1,\"name\":\"newsub\",\"substitutes\":\"[{from:\\\"a\\\",to:\\\"b\\\"}]\"}","level":"error"}
{"level":"error"}
{"message":"{\"doc_id\":1,\"selection\":1}","level":"error"}
{"message":"{\"doc_id\":1,\"name\":\"newsub\",\"substitutes\":\"[{from:\\\"a\\\",to:\\\"b\\\"}]\"}","level":"error"}
{"level":"error"}
{"message":"{\"doc_id\":1,\"selection\":1}","level":"error"}
{"message":"{\"doc_id\":1,\"name\":\"newsub\",\"substitutes\":\"[{from:\\\"a\\\",to:\\\"b\\\"}]\"}","level":"error"}
{"level":"error"}
{"message":"{\"doc_id\":1,\"selection\":1}","level":"error"}
{"message":"{\"doc_id\":1,\"name\":\"newsub\",\"substitutes\":\"[{from:\\\"a\\\",to:\\\"b\\\"}]\"}","level":"error"}
{"level":"error"}
{"message":"{\"doc_id\":1,\"selection\":1}","level":"error"}
{"message":"{\"doc_id\":1,\"name\":\"newsub\",\"substitutes\":\"[{from:\\\"a\\\",to:\\\"b\\\"}]\"}","level":"error"}
{"level":"error"}
{"message":"{\"doc_id\":1,\"selection\":1}","level":"error"}
{"message":"{\"doc_id\":1,\"name\":\"newsub\",\"substitutes\":\"[{from:\\\"a\\\",to:\\\"b\\\"}]\"}","level":"error"}
{"level":"error"}
